[debug] [2022-08-07T02:47:50.735Z] ----------------------------------------------------------------------
[debug] [2022-08-07T02:47:50.736Z] Command:       /usr/local/bin/node /usr/local/bin/firebase init
[debug] [2022-08-07T02:47:50.737Z] CLI Version:   10.9.2
[debug] [2022-08-07T02:47:50.737Z] Platform:      darwin
[debug] [2022-08-07T02:47:50.737Z] Node Version:  v16.14.2
[debug] [2022-08-07T02:47:50.740Z] Time:          Sat Aug 06 2022 16:47:50 GMT-1000 (Hawaii-Aleutian Standard Time)
[debug] [2022-08-07T02:47:50.740Z] ----------------------------------------------------------------------
[debug] 
[debug] [2022-08-07T02:47:50.742Z] > command requires scopes: ["email","openid","https://www.googleapis.com/auth/cloudplatformprojects.readonly","https://www.googleapis.com/auth/firebase","https://www.googleapis.com/auth/cloud-platform"]
[debug] [2022-08-07T02:47:50.743Z] > authorizing via signed-in user (akash@hindu.org)
[info] 
     ######## #### ########  ######## ########     ###     ######  ########
     ##        ##  ##     ## ##       ##     ##  ##   ##  ##       ##
     ######    ##  ########  ######   ########  #########  ######  ######
     ##        ##  ##    ##  ##       ##     ## ##     ##       ## ##
     ##       #### ##     ## ######## ########  ##     ##  ######  ########

You're about to initialize a Firebase project in this directory:

  /Users/akashkatir/Github/svelte-firebase-adapter-test

[info] 
=== Project Setup
[info] 
[info] First, let's associate this project directory with a Firebase project.
[info] You can create multiple project aliases by running firebase use --add, 
[info] but for now we'll just set up a default project.
[info] 
[debug] [2022-08-07T02:48:02.781Z] > refreshing access token with scopes: []
[debug] [2022-08-07T02:48:02.782Z] >>> HTTP REQUEST POST https://www.googleapis.com/oauth2/v3/token  
 <request body omitted>
[debug] [2022-08-07T02:48:03.171Z] <<< HTTP RESPONSE 200 {"cache-control":"no-cache, no-store, max-age=0, must-revalidate","date":"Sun, 07 Aug 2022 02:48:03 GMT","pragma":"no-cache","expires":"Mon, 01 Jan 1990 00:00:00 GMT","content-type":"application/json; charset=utf-8","vary":"X-Origin, Referer, Origin,Accept-Encoding","server":"scaffolding on HTTPServer2","x-xss-protection":"0","x-frame-options":"SAMEORIGIN","x-content-type-options":"nosniff","alt-svc":"h3=\":443\"; ma=2592000,h3-29=\":443\"; ma=2592000,h3-Q050=\":443\"; ma=2592000,h3-Q046=\":443\"; ma=2592000,h3-Q043=\":443\"; ma=2592000,quic=\":443\"; ma=2592000; v=\"46,43\"","accept-ranges":"none","transfer-encoding":"chunked"}
[debug] [2022-08-07T02:48:03.230Z] >>> [apiv2][query] GET https://firebase.googleapis.com/v1beta1/projects pageSize=100
[debug] [2022-08-07T02:48:04.257Z] <<< [apiv2][status] GET https://firebase.googleapis.com/v1beta1/projects 200
[debug] [2022-08-07T02:48:04.258Z] <<< [apiv2][body] GET https://firebase.googleapis.com/v1beta1/projects [omitted]
[info] i  Using project kauai-hindu-monastery (kauai hindu monastery) 
[info] 
=== Functions Setup
[info] 
[info] A functions directory will be created in your project with sample code
[info] pre-configured. Functions can be deployed with firebase deploy.
[info] 
[debug] [2022-08-07T02:48:05.985Z] > command requires scopes: ["email","openid","https://www.googleapis.com/auth/cloudplatformprojects.readonly","https://www.googleapis.com/auth/firebase","https://www.googleapis.com/auth/cloud-platform"]
[debug] [2022-08-07T02:48:05.985Z] > authorizing via signed-in user (akash@hindu.org)
[debug] [2022-08-07T02:48:05.986Z] [iam] checking project kauai-hindu-monastery for permissions ["firebase.projects.get"]
[debug] [2022-08-07T02:48:05.986Z] >>> [apiv2][query] POST https://cloudresourcemanager.googleapis.com/v1/projects/kauai-hindu-monastery:testIamPermissions [none]
[debug] [2022-08-07T02:48:05.986Z] >>> [apiv2][body] POST https://cloudresourcemanager.googleapis.com/v1/projects/kauai-hindu-monastery:testIamPermissions {"permissions":["firebase.projects.get"]}
[debug] [2022-08-07T02:48:06.837Z] <<< [apiv2][status] POST https://cloudresourcemanager.googleapis.com/v1/projects/kauai-hindu-monastery:testIamPermissions 200
[debug] [2022-08-07T02:48:06.837Z] <<< [apiv2][body] POST https://cloudresourcemanager.googleapis.com/v1/projects/kauai-hindu-monastery:testIamPermissions {"permissions":["firebase.projects.get"]}
[debug] [2022-08-07T02:48:06.838Z] >>> [apiv2][query] GET https://serviceusage.googleapis.com/v1/projects/kauai-hindu-monastery/services/cloudfunctions.googleapis.com [none]
[debug] [2022-08-07T02:48:06.840Z] >>> [apiv2][query] GET https://serviceusage.googleapis.com/v1/projects/kauai-hindu-monastery/services/runtimeconfig.googleapis.com [none]
[debug] [2022-08-07T02:48:07.926Z] <<< [apiv2][status] GET https://serviceusage.googleapis.com/v1/projects/kauai-hindu-monastery/services/cloudfunctions.googleapis.com 200
[debug] [2022-08-07T02:48:07.927Z] <<< [apiv2][body] GET https://serviceusage.googleapis.com/v1/projects/kauai-hindu-monastery/services/cloudfunctions.googleapis.com [omitted]
[debug] [2022-08-07T02:48:07.927Z] >>> [apiv2][query] POST https://serviceusage.googleapis.com/v1/projects/kauai-hindu-monastery/services/cloudfunctions.googleapis.com:enable [none]
[debug] [2022-08-07T02:48:08.008Z] <<< [apiv2][status] GET https://serviceusage.googleapis.com/v1/projects/kauai-hindu-monastery/services/runtimeconfig.googleapis.com 200
[debug] [2022-08-07T02:48:08.008Z] <<< [apiv2][body] GET https://serviceusage.googleapis.com/v1/projects/kauai-hindu-monastery/services/runtimeconfig.googleapis.com [omitted]
[debug] [2022-08-07T02:48:09.026Z] <<< [apiv2][status] POST https://serviceusage.googleapis.com/v1/projects/kauai-hindu-monastery/services/cloudfunctions.googleapis.com:enable 200
[debug] [2022-08-07T02:48:09.027Z] <<< [apiv2][body] POST https://serviceusage.googleapis.com/v1/projects/kauai-hindu-monastery/services/cloudfunctions.googleapis.com:enable [omitted]
[debug] [2022-08-07T02:48:19.031Z] >>> [apiv2][query] GET https://serviceusage.googleapis.com/v1/projects/kauai-hindu-monastery/services/cloudfunctions.googleapis.com [none]
[debug] [2022-08-07T02:48:19.925Z] <<< [apiv2][status] GET https://serviceusage.googleapis.com/v1/projects/kauai-hindu-monastery/services/cloudfunctions.googleapis.com 200
[debug] [2022-08-07T02:48:19.925Z] <<< [apiv2][body] GET https://serviceusage.googleapis.com/v1/projects/kauai-hindu-monastery/services/cloudfunctions.googleapis.com [omitted]
[info] ✔  Wrote functions/package.json 
[info] ✔  Wrote functions/.eslintrc.js 
[info] ✔  Wrote functions/index.js 
[info] ✔  Wrote functions/.gitignore 
[info] 
=== Hosting Setup
[info] 
[info] Your public directory is the folder (relative to your project directory) that
[info] will contain Hosting assets to be uploaded with firebase deploy. If you
[info] have a build process for your assets, use your build's output directory.
[info] 
[info] ✔  Wrote public/404.html 
[debug] [2022-08-07T02:51:48.081Z] >>> [apiv2][query] GET https://www.gstatic.com/firebasejs/releases.json [none]
[debug] [2022-08-07T02:51:48.379Z] <<< [apiv2][status] GET https://www.gstatic.com/firebasejs/releases.json 200
[debug] [2022-08-07T02:51:48.379Z] <<< [apiv2][body] GET https://www.gstatic.com/firebasejs/releases.json {"current":{"version":"9.9.2","browserURL":"https://www.gstatic.com/firebasejs/9.9.2/firebase.js","packageURL":"https://www.gstatic.com/firebasejs/9.9.2/firebase.tgz"},"live":{"version":"9.9","browserURL":"https://www.gstatic.com/firebasejs/live/9.9/firebase.js","packageURL":"https://www.gstatic.com/firebasejs/live/9.9/firebase.tgz"},"components":{"analytics":"https://www.gstatic.com/firebasejs/9.9.2/firebase-analytics.js","app":"https://www.gstatic.com/firebasejs/9.9.2/firebase-app.js","app-check":"https://www.gstatic.com/firebasejs/9.9.2/firebase-app-check.js","auth":"https://www.gstatic.com/firebasejs/9.9.2/firebase-auth.js","auth/cordova":"https://www.gstatic.com/firebasejs/9.9.2/firebase-auth/cordova.js","auth/react-native":"https://www.gstatic.com/firebasejs/9.9.2/firebase-auth/react-native.js","functions":"https://www.gstatic.com/firebasejs/9.9.2/firebase-functions.js","firestore":"https://www.gstatic.com/firebasejs/9.9.2/firebase-firestore.js","firestore/lite":"https://www.gstatic.com/firebasejs/9.9.2/firebase-firestore/lite.js","installations":"https://www.gstatic.com/firebasejs/9.9.2/firebase-installations.js","storage":"https://www.gstatic.com/firebasejs/9.9.2/firebase-storage.js","performance":"https://www.gstatic.com/firebasejs/9.9.2/firebase-performance.js","remote-config":"https://www.gstatic.com/firebasejs/9.9.2/firebase-remote-config.js","messaging":"https://www.gstatic.com/firebasejs/9.9.2/firebase-messaging.js","messaging/sw":"https://www.gstatic.com/firebasejs/9.9.2/firebase-messaging/sw.js","database":"https://www.gstatic.com/firebasejs/9.9.2/firebase-database.js","firestore.memory":"https://www.gstatic.com/firebasejs/9.9.2/firebase-firestore.memory.js"}}
[info] ✔  Wrote public/index.html 
[info] 
[info] i  Didn't detect a .git folder. Assuming /Users/akashkatir/Github/svelte-firebase-adapter-test is the project root. 
[info] i  Authorizing with GitHub to upload your service account to a GitHub repository's secrets store. 
[info] 
[info] Visit this URL on this device to log in:
[info] https://github.com/login/oauth/authorize?client_id=89cf50f02ac6aaed3484&state=452367223&redirect_uri=http%3A%2F%2Flocalhost%3A9005&scope=read%3Auser%20repo%20public_repo
[info] 
[info] Waiting for authentication...
[debug] [2022-08-07T02:51:48.856Z] >>> HTTP REQUEST POST https://github.com/login/oauth/access_token  
 {"client_id":"89cf50f02ac6aaed3484","client_secret":"3330d14abc895d9a74d5f17cd7a00711fa2c5bf0","code":"290e6d75f390bd5cf708","redirect_uri":"http://localhost:9005","state":"452367223"}
[debug] [2022-08-07T02:51:49.490Z] <<< HTTP RESPONSE 200 {"server":"GitHub.com","date":"Sun, 07 Aug 2022 02:51:49 GMT","content-type":"application/json; charset=utf-8","transfer-encoding":"chunked","vary":"X-PJAX, X-PJAX-Container, Turbo-Visit, Turbo-Frame, Accept-Encoding, Accept, X-Requested-With","permissions-policy":"interest-cohort=()","etag":"W/\"255db9cb1174cb752c4cb9f8e80b7060\"","cache-control":"max-age=0, private, must-revalidate","strict-transport-security":"max-age=31536000; includeSubdomains; preload","x-frame-options":"deny","x-content-type-options":"nosniff","x-xss-protection":"0","referrer-policy":"origin-when-cross-origin, strict-origin-when-cross-origin","expect-ct":"max-age=2592000, report-uri=\"https://api.github.com/_private/browser/errors\"","content-security-policy":"default-src 'none'; base-uri 'self'; block-all-mixed-content; child-src github.com/assets-cdn/worker/ gist.github.com/assets-cdn/worker/; connect-src 'self' uploads.github.com objects-origin.githubusercontent.com www.githubstatus.com collector.github.com raw.githubusercontent.com api.github.com github-cloud.s3.amazonaws.com github-production-repository-file-5c1aeb.s3.amazonaws.com github-production-upload-manifest-file-7fdce7.s3.amazonaws.com github-production-user-asset-6210df.s3.amazonaws.com cdn.optimizely.com logx.optimizely.com/v1/events *.actions.githubusercontent.com wss://*.actions.githubusercontent.com online.visualstudio.com/api/v1/locations github-production-repository-image-32fea6.s3.amazonaws.com github-production-release-asset-2e65be.s3.amazonaws.com insights.github.com wss://alive.github.com; font-src github.githubassets.com; form-action 'self' github.com gist.github.com objects-origin.githubusercontent.com; frame-ancestors 'none'; frame-src render.githubusercontent.com viewscreen.githubusercontent.com notebooks.githubusercontent.com; img-src 'self' data: github.githubassets.com identicons.github.com github-cloud.s3.amazonaws.com secured-user-images.githubusercontent.com/ github-production-user-asset-6210df.s3.amazonaws.com customer-stories-feed.github.com spotlights-feed.github.com *.githubusercontent.com; manifest-src 'self'; media-src github.com user-images.githubusercontent.com/ secured-user-images.githubusercontent.com/; script-src github.githubassets.com; style-src 'unsafe-inline' github.githubassets.com; worker-src github.com/assets-cdn/worker/ gist.github.com/assets-cdn/worker/","x-github-request-id":"DCF5:92FB:25F8FB2:2829E6D:62EF28C5"}
[debug] [2022-08-07T02:51:49.508Z] >>> [apiv2][query] GET https://api.github.com/user [none]
[debug] [2022-08-07T02:51:50.147Z] <<< [apiv2][status] GET https://api.github.com/user 200
[debug] [2022-08-07T02:51:50.147Z] <<< [apiv2][body] GET https://api.github.com/user {"login":"akash10008","id":102331184,"node_id":"U_kgDOBhlzMA","avatar_url":"https://avatars.githubusercontent.com/u/102331184?v=4","gravatar_id":"","url":"https://api.github.com/users/akash10008","html_url":"https://github.com/akash10008","followers_url":"https://api.github.com/users/akash10008/followers","following_url":"https://api.github.com/users/akash10008/following{/other_user}","gists_url":"https://api.github.com/users/akash10008/gists{/gist_id}","starred_url":"https://api.github.com/users/akash10008/starred{/owner}{/repo}","subscriptions_url":"https://api.github.com/users/akash10008/subscriptions","organizations_url":"https://api.github.com/users/akash10008/orgs","repos_url":"https://api.github.com/users/akash10008/repos","events_url":"https://api.github.com/users/akash10008/events{/privacy}","received_events_url":"https://api.github.com/users/akash10008/received_events","type":"User","site_admin":false,"name":"Akash","company":"Kauai Hindu Monastery","blog":"https://www.himalayanacademy.com/","location":null,"email":null,"hireable":null,"bio":null,"twitter_username":null,"public_repos":3,"public_gists":0,"followers":0,"following":1,"created_at":"2022-03-24T22:29:32Z","updated_at":"2022-08-04T14:16:39Z","private_gists":0,"total_private_repos":11,"owned_private_repos":11,"disk_usage":25465,"collaborators":3,"two_factor_authentication":false,"plan":{"name":"free","space":976562499,"collaborators":0,"private_repos":10000}}
[info] 
[info] ✔  Success! Logged into GitHub as akash10008 
[info] 
